{
  "RSpec": {
    "coverage": {
      "/Users/GarrettMcKenzie/big_hippo/Project_2_Code-master/app/models/user.rb": [
        1,
        1,
        null,
        1,
        1,
        null,
        1,
        null,
        1,
        null,
        1,
        null,
        1,
        null,
        null,
        null,
        null,
        null,
        null,
        null,
        null,
        null,
        null,
        null
      ],
      "/Users/GarrettMcKenzie/big_hippo/Project_2_Code-master/app/helpers/application_helper.rb": [
        1,
        null,
        1,
        0,
        0,
        null,
        null,
        1,
        0,
        null,
        0,
        null,
        0,
        0,
        null,
        null,
        0,
        0,
        null,
        null,
        null,
        1,
        0,
        null,
        0,
        0,
        null,
        null,
        0,
        null,
        null,
        null
      ],
      "/Users/GarrettMcKenzie/big_hippo/Project_2_Code-master/app/helpers/comments_helper.rb": [
        1,
        null
      ],
      "/Users/GarrettMcKenzie/big_hippo/Project_2_Code-master/app/helpers/posts_helper.rb": [
        1,
        null
      ],
      "/Users/GarrettMcKenzie/big_hippo/Project_2_Code-master/app/helpers/users_helper.rb": [
        1,
        null
      ],
      "/Users/GarrettMcKenzie/big_hippo/Project_2_Code-master/app/controllers/sessions_controller.rb": [
        1,
        null,
        1,
        2,
        null,
        null,
        1,
        2,
        2,
        1,
        1,
        1,
        null,
        1,
        1,
        null,
        null,
        null,
        1,
        2,
        2,
        2,
        null,
        null,
        1,
        null,
        1,
        3,
        null,
        null,
        null
      ],
      "/Users/GarrettMcKenzie/big_hippo/Project_2_Code-master/app/controllers/application_controller.rb": [
        1,
        null,
        null,
        1,
        null,
        1,
        null,
        1,
        1,
        null,
        null,
        1,
        0,
        0,
        0,
        null,
        null,
        null,
        null
      ],
      "/Users/GarrettMcKenzie/big_hippo/Project_2_Code-master/app/controllers/users_controller.rb": [
        1,
        null,
        1,
        1,
        null,
        null,
        1,
        2,
        null,
        null,
        1,
        0,
        0,
        0,
        null,
        null,
        1,
        2,
        null,
        2,
        2,
        null,
        1,
        null,
        2,
        1,
        null,
        2,
        1,
        null,
        null,
        null,
        null,
        null,
        null,
        null,
        null,
        null,
        null,
        null,
        null,
        1,
        0,
        null,
        null,
        1,
        null,
        null,
        null,
        null,
        null,
        null,
        null,
        null,
        null,
        0,
        0,
        0,
        null,
        0,
        null,
        null,
        null,
        1,
        0,
        0,
        0,
        0,
        null,
        null,
        null,
        null,
        null,
        null,
        1,
        null,
        1,
        2,
        null,
        null,
        null
      ],
      "/Users/GarrettMcKenzie/big_hippo/Project_2_Code-master/app/mailers/my_mailer.rb": [
        1,
        1,
        1,
        1,
        1,
        null,
        null
      ],
      "/Users/GarrettMcKenzie/big_hippo/Project_2_Code-master/app/mailers/application_mailer.rb": [
        1,
        1,
        1,
        null
      ]
    },
    "timestamp": 1434472014
  }
}
