{
  "RSpec": {
    "coverage": {
      "/Users/GarrettMcKenzie/big_hippo/Project_2_Code-master/app/models/user.rb": [
        1,
        1,
        null,
        1,
        1,
        null,
        1,
        null,
        1,
        null,
        1,
        null,
        1,
        null,
        null,
        null,
        null,
        null,
        null,
        null,
        null,
        null,
        null,
        null
      ],
      "/Users/GarrettMcKenzie/big_hippo/Project_2_Code-master/app/helpers/application_helper.rb": [
        1,
        null,
        1,
        0,
        0,
        null,
        null,
        1,
        4,
        null,
        4,
        null,
        4,
        8,
        null,
        null,
        4,
        4,
        null,
        null,
        null,
        1,
        0,
        null,
        0,
        0,
        null,
        null,
        0,
        null,
        null,
        null
      ],
      "/Users/GarrettMcKenzie/big_hippo/Project_2_Code-master/app/helpers/comments_helper.rb": [
        1,
        null
      ],
      "/Users/GarrettMcKenzie/big_hippo/Project_2_Code-master/app/helpers/posts_helper.rb": [
        1,
        null
      ],
      "/Users/GarrettMcKenzie/big_hippo/Project_2_Code-master/app/helpers/users_helper.rb": [
        1,
        null
      ],
      "/Users/GarrettMcKenzie/big_hippo/Project_2_Code-master/app/controllers/sessions_controller.rb": [
        1,
        null,
        1,
        9,
        null,
        null,
        1,
        8,
        8,
        7,
        7,
        7,
        null,
        1,
        1,
        null,
        null,
        null,
        1,
        3,
        3,
        3,
        null,
        null,
        1,
        null,
        1,
        15,
        null,
        null,
        null
      ],
      "/Users/GarrettMcKenzie/big_hippo/Project_2_Code-master/app/controllers/application_controller.rb": [
        1,
        null,
        null,
        1,
        null,
        1,
        null,
        1,
        185,
        null,
        null,
        1,
        10,
        1,
        1,
        null,
        null,
        null,
        null
      ],
      "/Users/GarrettMcKenzie/big_hippo/Project_2_Code-master/app/controllers/users_controller.rb": [
        1,
        null,
        1,
        2,
        null,
        null,
        1,
        2,
        null,
        null,
        1,
        2,
        2,
        2,
        null,
        null,
        1,
        2,
        null,
        2,
        2,
        null,
        1,
        null,
        2,
        1,
        null,
        2,
        1,
        null,
        null,
        null,
        null,
        null,
        null,
        null,
        null,
        null,
        null,
        null,
        null,
        1,
        2,
        null,
        null,
        1,
        null,
        null,
        null,
        null,
        null,
        null,
        null,
        null,
        null,
        1,
        1,
        1,
        null,
        0,
        null,
        null,
        null,
        1,
        0,
        0,
        0,
        0,
        null,
        null,
        null,
        null,
        null,
        null,
        1,
        null,
        1,
        2,
        null,
        null,
        null
      ],
      "/Users/GarrettMcKenzie/big_hippo/Project_2_Code-master/app/mailers/my_mailer.rb": [
        1,
        1,
        1,
        1,
        1,
        null,
        null
      ],
      "/Users/GarrettMcKenzie/big_hippo/Project_2_Code-master/app/mailers/application_mailer.rb": [
        1,
        1,
        1,
        null
      ],
      "/Users/GarrettMcKenzie/big_hippo/Project_2_Code-master/app/controllers/posts_controller.rb": [
        1,
        1,
        1,
        9,
        null,
        null,
        null,
        1,
        0,
        null,
        null,
        1,
        0,
        0,
        0,
        null,
        null,
        1,
        0,
        null,
        null,
        0,
        0,
        0,
        0,
        null,
        null,
        0,
        0,
        null,
        null,
        null,
        null,
        null,
        null,
        1,
        0,
        null,
        null,
        1,
        0,
        0,
        0,
        null,
        0,
        null,
        null,
        null,
        1,
        0,
        0,
        0,
        0,
        0,
        null,
        null,
        null,
        null,
        null,
        1,
        1,
        0,
        null,
        null,
        null
      ],
      "/Users/GarrettMcKenzie/big_hippo/Project_2_Code-master/app/models/post.rb": [
        1,
        1,
        1,
        null,
        null,
        null,
        null,
        null,
        null
      ],
      "/Users/GarrettMcKenzie/big_hippo/Project_2_Code-master/app/models/comment.rb": [
        1,
        1,
        1,
        null
      ]
    },
    "timestamp": 1434504434
  }
}
